[ 2021-12-22 00:10:18 ]	POST	http://123.60.73.48/weixincop-test/public/suite/receive?msg_signature=f549c2750d6b2d15fb585067f15d85f7fd5f0b2a&nonce=1640706768&timestamp=1640103018
array (
  'msg_signature' => 'f549c2750d6b2d15fb585067f15d85f7fd5f0b2a',
  'timestamp' => '1640103018',
  'nonce' => '1640706768',
)
=======================================================================
[ 2021-12-22 00:10:18 ]	POST	http://123.60.73.48/weixincop-test/public/suite/receive?msg_signature=f549c2750d6b2d15fb585067f15d85f7fd5f0b2a&nonce=1640706768&timestamp=1640103018
array (
  'msg_signature' => 'f549c2750d6b2d15fb585067f15d85f7fd5f0b2a',
  'timestamp' => '1640103018',
  'nonce' => '1640706768',
)
=======================================================================
[ 2021-12-22 00:10:19 ]	POST	http://123.60.73.48/weixincop-test/public/suite/receive?msg_signature=f549c2750d6b2d15fb585067f15d85f7fd5f0b2a&nonce=1640706768&timestamp=1640103018
array (
  'msg_signature' => 'f549c2750d6b2d15fb585067f15d85f7fd5f0b2a',
  'timestamp' => '1640103018',
  'nonce' => '1640706768',
)
=======================================================================
[ 2021-12-22 00:21:47 ]	POST	http://123.60.73.48/weixincop-test/public/suite/receive?msg_signature=8d238158781d0031aaeabd2bf601970a1c2576c7&nonce=1640823458&timestamp=1640103707
array (
  'msg_signature' => '8d238158781d0031aaeabd2bf601970a1c2576c7',
  'timestamp' => '1640103707',
  'nonce' => '1640823458',
)
=======================================================================
[ 2021-12-22 00:21:48 ]	POST	http://123.60.73.48/weixincop-test/public/suite/receive?msg_signature=8d238158781d0031aaeabd2bf601970a1c2576c7&nonce=1640823458&timestamp=1640103707
array (
  'msg_signature' => '8d238158781d0031aaeabd2bf601970a1c2576c7',
  'timestamp' => '1640103707',
  'nonce' => '1640823458',
)
=======================================================================
[ 2021-12-22 00:21:48 ]	POST	http://123.60.73.48/weixincop-test/public/suite/receive?msg_signature=8d238158781d0031aaeabd2bf601970a1c2576c7&nonce=1640823458&timestamp=1640103707
array (
  'msg_signature' => '8d238158781d0031aaeabd2bf601970a1c2576c7',
  'timestamp' => '1640103707',
  'nonce' => '1640823458',
)
=======================================================================
[ 2021-12-22 00:23:18 ]	POST	http://123.60.73.48/weixincop-test/public/suite/receive?msg_signature=5b44d449acbb806d23eda8fc522685c42b6a500e&nonce=1640245769&timestamp=1640103798
array (
  'msg_signature' => '5b44d449acbb806d23eda8fc522685c42b6a500e',
  'timestamp' => '1640103798',
  'nonce' => '1640245769',
)
=======================================================================
[ 2021-12-22 00:23:18 ]	POST	http://123.60.73.48/weixincop-test/public/suite/receive?msg_signature=5b44d449acbb806d23eda8fc522685c42b6a500e&nonce=1640245769&timestamp=1640103798
array (
  'msg_signature' => '5b44d449acbb806d23eda8fc522685c42b6a500e',
  'timestamp' => '1640103798',
  'nonce' => '1640245769',
)
=======================================================================
[ 2021-12-22 00:23:18 ]	POST	http://123.60.73.48/weixincop-test/public/suite/receive?msg_signature=5b44d449acbb806d23eda8fc522685c42b6a500e&nonce=1640245769&timestamp=1640103798
array (
  'msg_signature' => '5b44d449acbb806d23eda8fc522685c42b6a500e',
  'timestamp' => '1640103798',
  'nonce' => '1640245769',
)
=======================================================================
[ 2021-12-22 00:24:53 ]	POST	http://123.60.73.48/weixincop-test/public/suite/receive?msg_signature=2a6eb9edef92fb1b3197224d900a94655362c6ad&nonce=1640696164&timestamp=1640103893
array (
  'msg_signature' => '2a6eb9edef92fb1b3197224d900a94655362c6ad',
  'timestamp' => '1640103893',
  'nonce' => '1640696164',
)
=======================================================================
[ 2021-12-22 00:24:53 ]	POST	http://123.60.73.48/weixincop-test/public/suite/receive?msg_signature=2a6eb9edef92fb1b3197224d900a94655362c6ad&nonce=1640696164&timestamp=1640103893
array (
  'msg_signature' => '2a6eb9edef92fb1b3197224d900a94655362c6ad',
  'timestamp' => '1640103893',
  'nonce' => '1640696164',
)
=======================================================================
[ 2021-12-22 00:24:54 ]	POST	http://123.60.73.48/weixincop-test/public/suite/receive?msg_signature=2a6eb9edef92fb1b3197224d900a94655362c6ad&nonce=1640696164&timestamp=1640103893
array (
  'msg_signature' => '2a6eb9edef92fb1b3197224d900a94655362c6ad',
  'timestamp' => '1640103893',
  'nonce' => '1640696164',
)
=======================================================================
[ 2021-12-22 00:36:22 ]	POST	http://123.60.73.48/weixincop-test/public/suite/receive?msg_signature=294e256dcb21e42717c67fc226d805634e2876dd&nonce=1640309585&timestamp=1640104582
array (
  'msg_signature' => '294e256dcb21e42717c67fc226d805634e2876dd',
  'timestamp' => '1640104582',
  'nonce' => '1640309585',
)
=======================================================================
[ 2021-12-22 00:36:22 ]	POST	http://123.60.73.48/weixincop-test/public/suite/receive?msg_signature=294e256dcb21e42717c67fc226d805634e2876dd&nonce=1640309585&timestamp=1640104582
array (
  'msg_signature' => '294e256dcb21e42717c67fc226d805634e2876dd',
  'timestamp' => '1640104582',
  'nonce' => '1640309585',
)
=======================================================================
[ 2021-12-22 00:36:22 ]	POST	http://123.60.73.48/weixincop-test/public/suite/receive?msg_signature=294e256dcb21e42717c67fc226d805634e2876dd&nonce=1640309585&timestamp=1640104582
array (
  'msg_signature' => '294e256dcb21e42717c67fc226d805634e2876dd',
  'timestamp' => '1640104582',
  'nonce' => '1640309585',
)
=======================================================================
[ 2021-12-22 00:47:51 ]	POST	http://123.60.73.48/weixincop-test/public/suite/receive?msg_signature=ab587bf58449839aeac528bd1ef44f31cbea4c1a&nonce=1640320817&timestamp=1640105271
array (
  'msg_signature' => 'ab587bf58449839aeac528bd1ef44f31cbea4c1a',
  'timestamp' => '1640105271',
  'nonce' => '1640320817',
)
=======================================================================
[ 2021-12-22 00:47:51 ]	POST	http://123.60.73.48/weixincop-test/public/suite/receive?msg_signature=ab587bf58449839aeac528bd1ef44f31cbea4c1a&nonce=1640320817&timestamp=1640105271
array (
  'msg_signature' => 'ab587bf58449839aeac528bd1ef44f31cbea4c1a',
  'timestamp' => '1640105271',
  'nonce' => '1640320817',
)
=======================================================================
[ 2021-12-22 00:47:51 ]	POST	http://123.60.73.48/weixincop-test/public/suite/receive?msg_signature=ab587bf58449839aeac528bd1ef44f31cbea4c1a&nonce=1640320817&timestamp=1640105271
array (
  'msg_signature' => 'ab587bf58449839aeac528bd1ef44f31cbea4c1a',
  'timestamp' => '1640105271',
  'nonce' => '1640320817',
)
=======================================================================
[ 2021-12-22 00:49:18 ]	POST	http://123.60.73.48/weixincop-test/public/suite/receive?msg_signature=5ae5ceb7f7b49bab5a449893fb9617d3ad0ff4b2&nonce=1640624362&timestamp=1640105358
array (
  'msg_signature' => '5ae5ceb7f7b49bab5a449893fb9617d3ad0ff4b2',
  'timestamp' => '1640105358',
  'nonce' => '1640624362',
)
=======================================================================
[ 2021-12-22 00:49:18 ]	POST	http://123.60.73.48/weixincop-test/public/suite/receive?msg_signature=5ae5ceb7f7b49bab5a449893fb9617d3ad0ff4b2&nonce=1640624362&timestamp=1640105358
array (
  'msg_signature' => '5ae5ceb7f7b49bab5a449893fb9617d3ad0ff4b2',
  'timestamp' => '1640105358',
  'nonce' => '1640624362',
)
=======================================================================
[ 2021-12-22 00:49:19 ]	POST	http://123.60.73.48/weixincop-test/public/suite/receive?msg_signature=5ae5ceb7f7b49bab5a449893fb9617d3ad0ff4b2&nonce=1640624362&timestamp=1640105358
array (
  'msg_signature' => '5ae5ceb7f7b49bab5a449893fb9617d3ad0ff4b2',
  'timestamp' => '1640105358',
  'nonce' => '1640624362',
)
=======================================================================
[ 2021-12-22 01:00:47 ]	POST	http://123.60.73.48/weixincop-test/public/suite/receive?msg_signature=a73272bc65b130fe257604623b4aa1e197186c06&nonce=1640419862&timestamp=1640106047
array (
  'msg_signature' => 'a73272bc65b130fe257604623b4aa1e197186c06',
  'timestamp' => '1640106047',
  'nonce' => '1640419862',
)
=======================================================================
[ 2021-12-22 01:00:47 ]	POST	http://123.60.73.48/weixincop-test/public/suite/receive?msg_signature=a73272bc65b130fe257604623b4aa1e197186c06&nonce=1640419862&timestamp=1640106047
array (
  'msg_signature' => 'a73272bc65b130fe257604623b4aa1e197186c06',
  'timestamp' => '1640106047',
  'nonce' => '1640419862',
)
=======================================================================
[ 2021-12-22 01:00:47 ]	POST	http://123.60.73.48/weixincop-test/public/suite/receive?msg_signature=a73272bc65b130fe257604623b4aa1e197186c06&nonce=1640419862&timestamp=1640106047
array (
  'msg_signature' => 'a73272bc65b130fe257604623b4aa1e197186c06',
  'timestamp' => '1640106047',
  'nonce' => '1640419862',
)
=======================================================================
[ 2021-12-22 01:12:14 ]	POST	http://123.60.73.48/weixincop-test/public/suite/receive?msg_signature=a691939a37ed999bade6e9070aeb68d1741205ee&nonce=1640668619&timestamp=1640106734
array (
  'msg_signature' => 'a691939a37ed999bade6e9070aeb68d1741205ee',
  'timestamp' => '1640106734',
  'nonce' => '1640668619',
)
=======================================================================
[ 2021-12-22 01:12:14 ]	POST	http://123.60.73.48/weixincop-test/public/suite/receive?msg_signature=a691939a37ed999bade6e9070aeb68d1741205ee&nonce=1640668619&timestamp=1640106734
array (
  'msg_signature' => 'a691939a37ed999bade6e9070aeb68d1741205ee',
  'timestamp' => '1640106734',
  'nonce' => '1640668619',
)
=======================================================================
[ 2021-12-22 01:12:14 ]	POST	http://123.60.73.48/weixincop-test/public/suite/receive?msg_signature=a691939a37ed999bade6e9070aeb68d1741205ee&nonce=1640668619&timestamp=1640106734
array (
  'msg_signature' => 'a691939a37ed999bade6e9070aeb68d1741205ee',
  'timestamp' => '1640106734',
  'nonce' => '1640668619',
)
=======================================================================
[ 2021-12-22 01:23:42 ]	POST	http://123.60.73.48/weixincop-test/public/suite/receive?msg_signature=5a355d63d165d3c10212c758cb5eccec2acfba01&nonce=1640007485&timestamp=1640107422
array (
  'msg_signature' => '5a355d63d165d3c10212c758cb5eccec2acfba01',
  'timestamp' => '1640107422',
  'nonce' => '1640007485',
)
=======================================================================
[ 2021-12-22 01:23:42 ]	POST	http://123.60.73.48/weixincop-test/public/suite/receive?msg_signature=5a355d63d165d3c10212c758cb5eccec2acfba01&nonce=1640007485&timestamp=1640107422
array (
  'msg_signature' => '5a355d63d165d3c10212c758cb5eccec2acfba01',
  'timestamp' => '1640107422',
  'nonce' => '1640007485',
)
=======================================================================
[ 2021-12-22 01:23:42 ]	POST	http://123.60.73.48/weixincop-test/public/suite/receive?msg_signature=5a355d63d165d3c10212c758cb5eccec2acfba01&nonce=1640007485&timestamp=1640107422
array (
  'msg_signature' => '5a355d63d165d3c10212c758cb5eccec2acfba01',
  'timestamp' => '1640107422',
  'nonce' => '1640007485',
)
=======================================================================
[ 2021-12-22 01:35:09 ]	POST	http://123.60.73.48/weixincop-test/public/suite/receive?msg_signature=234cb2a701167fe49d45dcdced52267e80a2e2c7&nonce=1640077724&timestamp=1640108109
array (
  'msg_signature' => '234cb2a701167fe49d45dcdced52267e80a2e2c7',
  'timestamp' => '1640108109',
  'nonce' => '1640077724',
)
=======================================================================
[ 2021-12-22 01:35:09 ]	POST	http://123.60.73.48/weixincop-test/public/suite/receive?msg_signature=234cb2a701167fe49d45dcdced52267e80a2e2c7&nonce=1640077724&timestamp=1640108109
array (
  'msg_signature' => '234cb2a701167fe49d45dcdced52267e80a2e2c7',
  'timestamp' => '1640108109',
  'nonce' => '1640077724',
)
=======================================================================
[ 2021-12-22 01:35:09 ]	POST	http://123.60.73.48/weixincop-test/public/suite/receive?msg_signature=234cb2a701167fe49d45dcdced52267e80a2e2c7&nonce=1640077724&timestamp=1640108109
array (
  'msg_signature' => '234cb2a701167fe49d45dcdced52267e80a2e2c7',
  'timestamp' => '1640108109',
  'nonce' => '1640077724',
)
=======================================================================
[ 2021-12-22 01:46:33 ]	POST	http://123.60.73.48/weixincop-test/public/suite/receive?msg_signature=54e0e8ce2f535e26cd64bdff6442dc7709a303e5&nonce=1640664846&timestamp=1640108793
array (
  'msg_signature' => '54e0e8ce2f535e26cd64bdff6442dc7709a303e5',
  'timestamp' => '1640108793',
  'nonce' => '1640664846',
)
=======================================================================
[ 2021-12-22 01:46:33 ]	POST	http://123.60.73.48/weixincop-test/public/suite/receive?msg_signature=54e0e8ce2f535e26cd64bdff6442dc7709a303e5&nonce=1640664846&timestamp=1640108793
array (
  'msg_signature' => '54e0e8ce2f535e26cd64bdff6442dc7709a303e5',
  'timestamp' => '1640108793',
  'nonce' => '1640664846',
)
=======================================================================
[ 2021-12-22 01:46:33 ]	POST	http://123.60.73.48/weixincop-test/public/suite/receive?msg_signature=54e0e8ce2f535e26cd64bdff6442dc7709a303e5&nonce=1640664846&timestamp=1640108793
array (
  'msg_signature' => '54e0e8ce2f535e26cd64bdff6442dc7709a303e5',
  'timestamp' => '1640108793',
  'nonce' => '1640664846',
)
=======================================================================
[ 2021-12-22 01:58:04 ]	POST	http://123.60.73.48/weixincop-test/public/suite/receive?msg_signature=95a237f1979ac48f28e8b719a3ac0d39fd0b6b05&nonce=1640311158&timestamp=1640109484
array (
  'msg_signature' => '95a237f1979ac48f28e8b719a3ac0d39fd0b6b05',
  'timestamp' => '1640109484',
  'nonce' => '1640311158',
)
=======================================================================
[ 2021-12-22 01:58:05 ]	POST	http://123.60.73.48/weixincop-test/public/suite/receive?msg_signature=95a237f1979ac48f28e8b719a3ac0d39fd0b6b05&nonce=1640311158&timestamp=1640109484
array (
  'msg_signature' => '95a237f1979ac48f28e8b719a3ac0d39fd0b6b05',
  'timestamp' => '1640109484',
  'nonce' => '1640311158',
)
=======================================================================
[ 2021-12-22 01:58:05 ]	POST	http://123.60.73.48/weixincop-test/public/suite/receive?msg_signature=95a237f1979ac48f28e8b719a3ac0d39fd0b6b05&nonce=1640311158&timestamp=1640109484
array (
  'msg_signature' => '95a237f1979ac48f28e8b719a3ac0d39fd0b6b05',
  'timestamp' => '1640109484',
  'nonce' => '1640311158',
)
=======================================================================
[ 2021-12-22 02:09:30 ]	POST	http://123.60.73.48/weixincop-test/public/suite/receive?msg_signature=37a1dbbf3b6536d476b6763a5685ffe7de5d3acb&nonce=1640108309&timestamp=1640110169
array (
  'msg_signature' => '37a1dbbf3b6536d476b6763a5685ffe7de5d3acb',
  'timestamp' => '1640110169',
  'nonce' => '1640108309',
)
=======================================================================
[ 2021-12-22 02:09:30 ]	POST	http://123.60.73.48/weixincop-test/public/suite/receive?msg_signature=37a1dbbf3b6536d476b6763a5685ffe7de5d3acb&nonce=1640108309&timestamp=1640110169
array (
  'msg_signature' => '37a1dbbf3b6536d476b6763a5685ffe7de5d3acb',
  'timestamp' => '1640110169',
  'nonce' => '1640108309',
)
=======================================================================
[ 2021-12-22 02:09:30 ]	POST	http://123.60.73.48/weixincop-test/public/suite/receive?msg_signature=37a1dbbf3b6536d476b6763a5685ffe7de5d3acb&nonce=1640108309&timestamp=1640110169
array (
  'msg_signature' => '37a1dbbf3b6536d476b6763a5685ffe7de5d3acb',
  'timestamp' => '1640110169',
  'nonce' => '1640108309',
)
=======================================================================
[ 2021-12-22 02:20:59 ]	POST	http://123.60.73.48/weixincop-test/public/suite/receive?msg_signature=0298e006c03bf8b3efdbf0f414cf090422c85a8c&nonce=1640438811&timestamp=1640110859
array (
  'msg_signature' => '0298e006c03bf8b3efdbf0f414cf090422c85a8c',
  'timestamp' => '1640110859',
  'nonce' => '1640438811',
)
=======================================================================
[ 2021-12-22 02:20:59 ]	POST	http://123.60.73.48/weixincop-test/public/suite/receive?msg_signature=0298e006c03bf8b3efdbf0f414cf090422c85a8c&nonce=1640438811&timestamp=1640110859
array (
  'msg_signature' => '0298e006c03bf8b3efdbf0f414cf090422c85a8c',
  'timestamp' => '1640110859',
  'nonce' => '1640438811',
)
=======================================================================
[ 2021-12-22 02:20:59 ]	POST	http://123.60.73.48/weixincop-test/public/suite/receive?msg_signature=0298e006c03bf8b3efdbf0f414cf090422c85a8c&nonce=1640438811&timestamp=1640110859
array (
  'msg_signature' => '0298e006c03bf8b3efdbf0f414cf090422c85a8c',
  'timestamp' => '1640110859',
  'nonce' => '1640438811',
)
=======================================================================
[ 2021-12-22 02:32:26 ]	POST	http://123.60.73.48/weixincop-test/public/suite/receive?msg_signature=d64bf0f27b1151ca3ef2475bd3cd7eecc3159fa1&nonce=1640374135&timestamp=1640111546
array (
  'msg_signature' => 'd64bf0f27b1151ca3ef2475bd3cd7eecc3159fa1',
  'timestamp' => '1640111546',
  'nonce' => '1640374135',
)
=======================================================================
[ 2021-12-22 02:32:26 ]	POST	http://123.60.73.48/weixincop-test/public/suite/receive?msg_signature=d64bf0f27b1151ca3ef2475bd3cd7eecc3159fa1&nonce=1640374135&timestamp=1640111546
array (
  'msg_signature' => 'd64bf0f27b1151ca3ef2475bd3cd7eecc3159fa1',
  'timestamp' => '1640111546',
  'nonce' => '1640374135',
)
=======================================================================
[ 2021-12-22 02:32:26 ]	POST	http://123.60.73.48/weixincop-test/public/suite/receive?msg_signature=d64bf0f27b1151ca3ef2475bd3cd7eecc3159fa1&nonce=1640374135&timestamp=1640111546
array (
  'msg_signature' => 'd64bf0f27b1151ca3ef2475bd3cd7eecc3159fa1',
  'timestamp' => '1640111546',
  'nonce' => '1640374135',
)
=======================================================================
[ 2021-12-22 02:43:53 ]	POST	http://123.60.73.48/weixincop-test/public/suite/receive?msg_signature=83f89cc082f6bdff312c860db086e56636a8c592&nonce=1640686881&timestamp=1640112233
array (
  'msg_signature' => '83f89cc082f6bdff312c860db086e56636a8c592',
  'timestamp' => '1640112233',
  'nonce' => '1640686881',
)
=======================================================================
[ 2021-12-22 02:43:53 ]	POST	http://123.60.73.48/weixincop-test/public/suite/receive?msg_signature=83f89cc082f6bdff312c860db086e56636a8c592&nonce=1640686881&timestamp=1640112233
array (
  'msg_signature' => '83f89cc082f6bdff312c860db086e56636a8c592',
  'timestamp' => '1640112233',
  'nonce' => '1640686881',
)
=======================================================================
[ 2021-12-22 02:43:53 ]	POST	http://123.60.73.48/weixincop-test/public/suite/receive?msg_signature=83f89cc082f6bdff312c860db086e56636a8c592&nonce=1640686881&timestamp=1640112233
array (
  'msg_signature' => '83f89cc082f6bdff312c860db086e56636a8c592',
  'timestamp' => '1640112233',
  'nonce' => '1640686881',
)
=======================================================================
[ 2021-12-22 02:55:21 ]	POST	http://123.60.73.48/weixincop-test/public/suite/receive?msg_signature=39c4619fb9cb64df9d8d24dec3d90f91fe8ede24&nonce=1640821031&timestamp=1640112920
array (
  'msg_signature' => '39c4619fb9cb64df9d8d24dec3d90f91fe8ede24',
  'timestamp' => '1640112920',
  'nonce' => '1640821031',
)
=======================================================================
[ 2021-12-22 02:55:21 ]	POST	http://123.60.73.48/weixincop-test/public/suite/receive?msg_signature=39c4619fb9cb64df9d8d24dec3d90f91fe8ede24&nonce=1640821031&timestamp=1640112920
array (
  'msg_signature' => '39c4619fb9cb64df9d8d24dec3d90f91fe8ede24',
  'timestamp' => '1640112920',
  'nonce' => '1640821031',
)
=======================================================================
[ 2021-12-22 02:55:21 ]	POST	http://123.60.73.48/weixincop-test/public/suite/receive?msg_signature=39c4619fb9cb64df9d8d24dec3d90f91fe8ede24&nonce=1640821031&timestamp=1640112920
array (
  'msg_signature' => '39c4619fb9cb64df9d8d24dec3d90f91fe8ede24',
  'timestamp' => '1640112920',
  'nonce' => '1640821031',
)
=======================================================================
[ 2021-12-22 03:06:47 ]	POST	http://123.60.73.48/weixincop-test/public/suite/receive?msg_signature=443b5b5a4a0e2dce4a0700dd2ca07c7fb1d645ba&nonce=1640422355&timestamp=1640113607
array (
  'msg_signature' => '443b5b5a4a0e2dce4a0700dd2ca07c7fb1d645ba',
  'timestamp' => '1640113607',
  'nonce' => '1640422355',
)
=======================================================================
[ 2021-12-22 03:06:47 ]	POST	http://123.60.73.48/weixincop-test/public/suite/receive?msg_signature=443b5b5a4a0e2dce4a0700dd2ca07c7fb1d645ba&nonce=1640422355&timestamp=1640113607
array (
  'msg_signature' => '443b5b5a4a0e2dce4a0700dd2ca07c7fb1d645ba',
  'timestamp' => '1640113607',
  'nonce' => '1640422355',
)
=======================================================================
[ 2021-12-22 03:06:47 ]	POST	http://123.60.73.48/weixincop-test/public/suite/receive?msg_signature=443b5b5a4a0e2dce4a0700dd2ca07c7fb1d645ba&nonce=1640422355&timestamp=1640113607
array (
  'msg_signature' => '443b5b5a4a0e2dce4a0700dd2ca07c7fb1d645ba',
  'timestamp' => '1640113607',
  'nonce' => '1640422355',
)
=======================================================================
[ 2021-12-22 03:18:12 ]	POST	http://123.60.73.48/weixincop-test/public/suite/receive?msg_signature=7aac60cb1efd67afd9f7d49c97d79ecb00805415&nonce=1640330348&timestamp=1640114292
array (
  'msg_signature' => '7aac60cb1efd67afd9f7d49c97d79ecb00805415',
  'timestamp' => '1640114292',
  'nonce' => '1640330348',
)
=======================================================================
[ 2021-12-22 03:18:12 ]	POST	http://123.60.73.48/weixincop-test/public/suite/receive?msg_signature=7aac60cb1efd67afd9f7d49c97d79ecb00805415&nonce=1640330348&timestamp=1640114292
array (
  'msg_signature' => '7aac60cb1efd67afd9f7d49c97d79ecb00805415',
  'timestamp' => '1640114292',
  'nonce' => '1640330348',
)
=======================================================================
[ 2021-12-22 03:18:12 ]	POST	http://123.60.73.48/weixincop-test/public/suite/receive?msg_signature=7aac60cb1efd67afd9f7d49c97d79ecb00805415&nonce=1640330348&timestamp=1640114292
array (
  'msg_signature' => '7aac60cb1efd67afd9f7d49c97d79ecb00805415',
  'timestamp' => '1640114292',
  'nonce' => '1640330348',
)
=======================================================================
[ 2021-12-22 03:29:42 ]	POST	http://123.60.73.48/weixincop-test/public/suite/receive?msg_signature=1e9e0682f5f28c0aa970d6fcaab3a9a55935636f&nonce=1640049302&timestamp=1640114982
array (
  'msg_signature' => '1e9e0682f5f28c0aa970d6fcaab3a9a55935636f',
  'timestamp' => '1640114982',
  'nonce' => '1640049302',
)
=======================================================================
[ 2021-12-22 03:29:42 ]	POST	http://123.60.73.48/weixincop-test/public/suite/receive?msg_signature=1e9e0682f5f28c0aa970d6fcaab3a9a55935636f&nonce=1640049302&timestamp=1640114982
array (
  'msg_signature' => '1e9e0682f5f28c0aa970d6fcaab3a9a55935636f',
  'timestamp' => '1640114982',
  'nonce' => '1640049302',
)
=======================================================================
[ 2021-12-22 03:29:42 ]	POST	http://123.60.73.48/weixincop-test/public/suite/receive?msg_signature=1e9e0682f5f28c0aa970d6fcaab3a9a55935636f&nonce=1640049302&timestamp=1640114982
array (
  'msg_signature' => '1e9e0682f5f28c0aa970d6fcaab3a9a55935636f',
  'timestamp' => '1640114982',
  'nonce' => '1640049302',
)
=======================================================================
[ 2021-12-22 03:41:09 ]	POST	http://123.60.73.48/weixincop-test/public/suite/receive?msg_signature=f6d07fd4c73868fb064462ecfd23f30d88959871&nonce=1640273047&timestamp=1640115669
array (
  'msg_signature' => 'f6d07fd4c73868fb064462ecfd23f30d88959871',
  'timestamp' => '1640115669',
  'nonce' => '1640273047',
)
=======================================================================
[ 2021-12-22 03:41:09 ]	POST	http://123.60.73.48/weixincop-test/public/suite/receive?msg_signature=f6d07fd4c73868fb064462ecfd23f30d88959871&nonce=1640273047&timestamp=1640115669
array (
  'msg_signature' => 'f6d07fd4c73868fb064462ecfd23f30d88959871',
  'timestamp' => '1640115669',
  'nonce' => '1640273047',
)
=======================================================================
[ 2021-12-22 03:41:09 ]	POST	http://123.60.73.48/weixincop-test/public/suite/receive?msg_signature=f6d07fd4c73868fb064462ecfd23f30d88959871&nonce=1640273047&timestamp=1640115669
array (
  'msg_signature' => 'f6d07fd4c73868fb064462ecfd23f30d88959871',
  'timestamp' => '1640115669',
  'nonce' => '1640273047',
)
=======================================================================
[ 2021-12-22 03:52:37 ]	POST	http://123.60.73.48/weixincop-test/public/suite/receive?msg_signature=8f7462dcecffab89c6873043c13b3abf259428b4&nonce=1640809147&timestamp=1640116356
array (
  'msg_signature' => '8f7462dcecffab89c6873043c13b3abf259428b4',
  'timestamp' => '1640116356',
  'nonce' => '1640809147',
)
=======================================================================
[ 2021-12-22 03:52:37 ]	POST	http://123.60.73.48/weixincop-test/public/suite/receive?msg_signature=8f7462dcecffab89c6873043c13b3abf259428b4&nonce=1640809147&timestamp=1640116356
array (
  'msg_signature' => '8f7462dcecffab89c6873043c13b3abf259428b4',
  'timestamp' => '1640116356',
  'nonce' => '1640809147',
)
=======================================================================
[ 2021-12-22 03:52:37 ]	POST	http://123.60.73.48/weixincop-test/public/suite/receive?msg_signature=8f7462dcecffab89c6873043c13b3abf259428b4&nonce=1640809147&timestamp=1640116356
array (
  'msg_signature' => '8f7462dcecffab89c6873043c13b3abf259428b4',
  'timestamp' => '1640116356',
  'nonce' => '1640809147',
)
=======================================================================
[ 2021-12-22 04:04:04 ]	POST	http://123.60.73.48/weixincop-test/public/suite/receive?msg_signature=75f22533f962529a3b02023e2ae82dab2d67c71a&nonce=1640681996&timestamp=1640117044
array (
  'msg_signature' => '75f22533f962529a3b02023e2ae82dab2d67c71a',
  'timestamp' => '1640117044',
  'nonce' => '1640681996',
)
=======================================================================
[ 2021-12-22 04:04:04 ]	POST	http://123.60.73.48/weixincop-test/public/suite/receive?msg_signature=75f22533f962529a3b02023e2ae82dab2d67c71a&nonce=1640681996&timestamp=1640117044
array (
  'msg_signature' => '75f22533f962529a3b02023e2ae82dab2d67c71a',
  'timestamp' => '1640117044',
  'nonce' => '1640681996',
)
=======================================================================
[ 2021-12-22 04:04:04 ]	POST	http://123.60.73.48/weixincop-test/public/suite/receive?msg_signature=75f22533f962529a3b02023e2ae82dab2d67c71a&nonce=1640681996&timestamp=1640117044
array (
  'msg_signature' => '75f22533f962529a3b02023e2ae82dab2d67c71a',
  'timestamp' => '1640117044',
  'nonce' => '1640681996',
)
=======================================================================
[ 2021-12-22 04:15:33 ]	POST	http://123.60.73.48/weixincop-test/public/suite/receive?msg_signature=ebdc45c93b3adaf64e644dcde73f31b086995c2f&nonce=1640304193&timestamp=1640117733
array (
  'msg_signature' => 'ebdc45c93b3adaf64e644dcde73f31b086995c2f',
  'timestamp' => '1640117733',
  'nonce' => '1640304193',
)
=======================================================================
[ 2021-12-22 04:15:33 ]	POST	http://123.60.73.48/weixincop-test/public/suite/receive?msg_signature=ebdc45c93b3adaf64e644dcde73f31b086995c2f&nonce=1640304193&timestamp=1640117733
array (
  'msg_signature' => 'ebdc45c93b3adaf64e644dcde73f31b086995c2f',
  'timestamp' => '1640117733',
  'nonce' => '1640304193',
)
=======================================================================
[ 2021-12-22 04:15:33 ]	POST	http://123.60.73.48/weixincop-test/public/suite/receive?msg_signature=ebdc45c93b3adaf64e644dcde73f31b086995c2f&nonce=1640304193&timestamp=1640117733
array (
  'msg_signature' => 'ebdc45c93b3adaf64e644dcde73f31b086995c2f',
  'timestamp' => '1640117733',
  'nonce' => '1640304193',
)
=======================================================================
[ 2021-12-22 04:27:00 ]	POST	http://123.60.73.48/weixincop-test/public/suite/receive?msg_signature=5363ceefad93f6bcc3e3b35f978fe7e1df51cd09&nonce=1640547262&timestamp=1640118420
array (
  'msg_signature' => '5363ceefad93f6bcc3e3b35f978fe7e1df51cd09',
  'timestamp' => '1640118420',
  'nonce' => '1640547262',
)
=======================================================================
[ 2021-12-22 04:27:00 ]	POST	http://123.60.73.48/weixincop-test/public/suite/receive?msg_signature=5363ceefad93f6bcc3e3b35f978fe7e1df51cd09&nonce=1640547262&timestamp=1640118420
array (
  'msg_signature' => '5363ceefad93f6bcc3e3b35f978fe7e1df51cd09',
  'timestamp' => '1640118420',
  'nonce' => '1640547262',
)
=======================================================================
[ 2021-12-22 04:27:01 ]	POST	http://123.60.73.48/weixincop-test/public/suite/receive?msg_signature=5363ceefad93f6bcc3e3b35f978fe7e1df51cd09&nonce=1640547262&timestamp=1640118420
array (
  'msg_signature' => '5363ceefad93f6bcc3e3b35f978fe7e1df51cd09',
  'timestamp' => '1640118420',
  'nonce' => '1640547262',
)
=======================================================================
[ 2021-12-22 04:38:28 ]	POST	http://123.60.73.48/weixincop-test/public/suite/receive?msg_signature=742360cd7b4d4e8a86fa139a6246105b7fd73de0&nonce=1640180583&timestamp=1640119108
array (
  'msg_signature' => '742360cd7b4d4e8a86fa139a6246105b7fd73de0',
  'timestamp' => '1640119108',
  'nonce' => '1640180583',
)
=======================================================================
[ 2021-12-22 04:38:28 ]	POST	http://123.60.73.48/weixincop-test/public/suite/receive?msg_signature=742360cd7b4d4e8a86fa139a6246105b7fd73de0&nonce=1640180583&timestamp=1640119108
array (
  'msg_signature' => '742360cd7b4d4e8a86fa139a6246105b7fd73de0',
  'timestamp' => '1640119108',
  'nonce' => '1640180583',
)
=======================================================================
[ 2021-12-22 04:38:28 ]	POST	http://123.60.73.48/weixincop-test/public/suite/receive?msg_signature=742360cd7b4d4e8a86fa139a6246105b7fd73de0&nonce=1640180583&timestamp=1640119108
array (
  'msg_signature' => '742360cd7b4d4e8a86fa139a6246105b7fd73de0',
  'timestamp' => '1640119108',
  'nonce' => '1640180583',
)
=======================================================================
[ 2021-12-22 04:49:55 ]	POST	http://123.60.73.48/weixincop-test/public/suite/receive?msg_signature=285f9047dfe433a1e759d565713205aaa72cf5df&nonce=1640282715&timestamp=1640119795
array (
  'msg_signature' => '285f9047dfe433a1e759d565713205aaa72cf5df',
  'timestamp' => '1640119795',
  'nonce' => '1640282715',
)
=======================================================================
[ 2021-12-22 04:49:55 ]	POST	http://123.60.73.48/weixincop-test/public/suite/receive?msg_signature=285f9047dfe433a1e759d565713205aaa72cf5df&nonce=1640282715&timestamp=1640119795
array (
  'msg_signature' => '285f9047dfe433a1e759d565713205aaa72cf5df',
  'timestamp' => '1640119795',
  'nonce' => '1640282715',
)
=======================================================================
[ 2021-12-22 04:49:55 ]	POST	http://123.60.73.48/weixincop-test/public/suite/receive?msg_signature=285f9047dfe433a1e759d565713205aaa72cf5df&nonce=1640282715&timestamp=1640119795
array (
  'msg_signature' => '285f9047dfe433a1e759d565713205aaa72cf5df',
  'timestamp' => '1640119795',
  'nonce' => '1640282715',
)
=======================================================================
[ 2021-12-22 05:01:23 ]	POST	http://123.60.73.48/weixincop-test/public/suite/receive?msg_signature=b37dc35ac6aaa2625b3256846b37528de67437f0&nonce=1640300538&timestamp=1640120483
array (
  'msg_signature' => 'b37dc35ac6aaa2625b3256846b37528de67437f0',
  'timestamp' => '1640120483',
  'nonce' => '1640300538',
)
=======================================================================
[ 2021-12-22 05:01:23 ]	POST	http://123.60.73.48/weixincop-test/public/suite/receive?msg_signature=b37dc35ac6aaa2625b3256846b37528de67437f0&nonce=1640300538&timestamp=1640120483
array (
  'msg_signature' => 'b37dc35ac6aaa2625b3256846b37528de67437f0',
  'timestamp' => '1640120483',
  'nonce' => '1640300538',
)
=======================================================================
[ 2021-12-22 05:01:23 ]	POST	http://123.60.73.48/weixincop-test/public/suite/receive?msg_signature=b37dc35ac6aaa2625b3256846b37528de67437f0&nonce=1640300538&timestamp=1640120483
array (
  'msg_signature' => 'b37dc35ac6aaa2625b3256846b37528de67437f0',
  'timestamp' => '1640120483',
  'nonce' => '1640300538',
)
=======================================================================
[ 2021-12-22 05:12:48 ]	POST	http://123.60.73.48/weixincop-test/public/suite/receive?msg_signature=2b2a22f8fcb8fad7f5b4df15baa370d29ef88055&nonce=1640580346&timestamp=1640121168
array (
  'msg_signature' => '2b2a22f8fcb8fad7f5b4df15baa370d29ef88055',
  'timestamp' => '1640121168',
  'nonce' => '1640580346',
)
=======================================================================
[ 2021-12-22 05:12:48 ]	POST	http://123.60.73.48/weixincop-test/public/suite/receive?msg_signature=2b2a22f8fcb8fad7f5b4df15baa370d29ef88055&nonce=1640580346&timestamp=1640121168
array (
  'msg_signature' => '2b2a22f8fcb8fad7f5b4df15baa370d29ef88055',
  'timestamp' => '1640121168',
  'nonce' => '1640580346',
)
=======================================================================
[ 2021-12-22 05:12:49 ]	POST	http://123.60.73.48/weixincop-test/public/suite/receive?msg_signature=2b2a22f8fcb8fad7f5b4df15baa370d29ef88055&nonce=1640580346&timestamp=1640121168
array (
  'msg_signature' => '2b2a22f8fcb8fad7f5b4df15baa370d29ef88055',
  'timestamp' => '1640121168',
  'nonce' => '1640580346',
)
=======================================================================
[ 2021-12-22 05:24:16 ]	POST	http://123.60.73.48/weixincop-test/public/suite/receive?msg_signature=92f89f34fe45b5e979101dcb9633b134f3801a3f&nonce=1640324225&timestamp=1640121856
array (
  'msg_signature' => '92f89f34fe45b5e979101dcb9633b134f3801a3f',
  'timestamp' => '1640121856',
  'nonce' => '1640324225',
)
=======================================================================
[ 2021-12-22 05:24:16 ]	POST	http://123.60.73.48/weixincop-test/public/suite/receive?msg_signature=92f89f34fe45b5e979101dcb9633b134f3801a3f&nonce=1640324225&timestamp=1640121856
array (
  'msg_signature' => '92f89f34fe45b5e979101dcb9633b134f3801a3f',
  'timestamp' => '1640121856',
  'nonce' => '1640324225',
)
=======================================================================
[ 2021-12-22 05:24:16 ]	POST	http://123.60.73.48/weixincop-test/public/suite/receive?msg_signature=92f89f34fe45b5e979101dcb9633b134f3801a3f&nonce=1640324225&timestamp=1640121856
array (
  'msg_signature' => '92f89f34fe45b5e979101dcb9633b134f3801a3f',
  'timestamp' => '1640121856',
  'nonce' => '1640324225',
)
=======================================================================
[ 2021-12-22 05:35:45 ]	POST	http://123.60.73.48/weixincop-test/public/suite/receive?msg_signature=d26b3f9eb912a450fd7fd583de04af0219389b87&nonce=1640847301&timestamp=1640122544
array (
  'msg_signature' => 'd26b3f9eb912a450fd7fd583de04af0219389b87',
  'timestamp' => '1640122544',
  'nonce' => '1640847301',
)
=======================================================================
[ 2021-12-22 05:35:45 ]	POST	http://123.60.73.48/weixincop-test/public/suite/receive?msg_signature=d26b3f9eb912a450fd7fd583de04af0219389b87&nonce=1640847301&timestamp=1640122544
array (
  'msg_signature' => 'd26b3f9eb912a450fd7fd583de04af0219389b87',
  'timestamp' => '1640122544',
  'nonce' => '1640847301',
)
=======================================================================
[ 2021-12-22 05:35:45 ]	POST	http://123.60.73.48/weixincop-test/public/suite/receive?msg_signature=d26b3f9eb912a450fd7fd583de04af0219389b87&nonce=1640847301&timestamp=1640122544
array (
  'msg_signature' => 'd26b3f9eb912a450fd7fd583de04af0219389b87',
  'timestamp' => '1640122544',
  'nonce' => '1640847301',
)
=======================================================================
[ 2021-12-22 05:47:12 ]	POST	http://123.60.73.48/weixincop-test/public/suite/receive?msg_signature=49dbaef97f6f79bdc7c8440507ad55bbf841b041&nonce=1640263219&timestamp=1640123232
array (
  'msg_signature' => '49dbaef97f6f79bdc7c8440507ad55bbf841b041',
  'timestamp' => '1640123232',
  'nonce' => '1640263219',
)
=======================================================================
[ 2021-12-22 05:47:12 ]	POST	http://123.60.73.48/weixincop-test/public/suite/receive?msg_signature=49dbaef97f6f79bdc7c8440507ad55bbf841b041&nonce=1640263219&timestamp=1640123232
array (
  'msg_signature' => '49dbaef97f6f79bdc7c8440507ad55bbf841b041',
  'timestamp' => '1640123232',
  'nonce' => '1640263219',
)
=======================================================================
[ 2021-12-22 05:47:12 ]	POST	http://123.60.73.48/weixincop-test/public/suite/receive?msg_signature=49dbaef97f6f79bdc7c8440507ad55bbf841b041&nonce=1640263219&timestamp=1640123232
array (
  'msg_signature' => '49dbaef97f6f79bdc7c8440507ad55bbf841b041',
  'timestamp' => '1640123232',
  'nonce' => '1640263219',
)
=======================================================================
[ 2021-12-22 05:58:40 ]	POST	http://123.60.73.48/weixincop-test/public/suite/receive?msg_signature=664b07417466aad4328bfbd36835170e595f4bae&nonce=1640654315&timestamp=1640123920
array (
  'msg_signature' => '664b07417466aad4328bfbd36835170e595f4bae',
  'timestamp' => '1640123920',
  'nonce' => '1640654315',
)
=======================================================================
[ 2021-12-22 05:58:40 ]	POST	http://123.60.73.48/weixincop-test/public/suite/receive?msg_signature=664b07417466aad4328bfbd36835170e595f4bae&nonce=1640654315&timestamp=1640123920
array (
  'msg_signature' => '664b07417466aad4328bfbd36835170e595f4bae',
  'timestamp' => '1640123920',
  'nonce' => '1640654315',
)
=======================================================================
[ 2021-12-22 05:58:40 ]	POST	http://123.60.73.48/weixincop-test/public/suite/receive?msg_signature=664b07417466aad4328bfbd36835170e595f4bae&nonce=1640654315&timestamp=1640123920
array (
  'msg_signature' => '664b07417466aad4328bfbd36835170e595f4bae',
  'timestamp' => '1640123920',
  'nonce' => '1640654315',
)
=======================================================================
[ 2021-12-22 06:10:07 ]	POST	http://123.60.73.48/weixincop-test/public/suite/receive?msg_signature=5f5cf75b121f57e2a14004aadf378c27e6af799a&nonce=1640182564&timestamp=1640124607
array (
  'msg_signature' => '5f5cf75b121f57e2a14004aadf378c27e6af799a',
  'timestamp' => '1640124607',
  'nonce' => '1640182564',
)
=======================================================================
[ 2021-12-22 06:10:07 ]	POST	http://123.60.73.48/weixincop-test/public/suite/receive?msg_signature=5f5cf75b121f57e2a14004aadf378c27e6af799a&nonce=1640182564&timestamp=1640124607
array (
  'msg_signature' => '5f5cf75b121f57e2a14004aadf378c27e6af799a',
  'timestamp' => '1640124607',
  'nonce' => '1640182564',
)
=======================================================================
[ 2021-12-22 06:10:07 ]	POST	http://123.60.73.48/weixincop-test/public/suite/receive?msg_signature=5f5cf75b121f57e2a14004aadf378c27e6af799a&nonce=1640182564&timestamp=1640124607
array (
  'msg_signature' => '5f5cf75b121f57e2a14004aadf378c27e6af799a',
  'timestamp' => '1640124607',
  'nonce' => '1640182564',
)
=======================================================================
[ 2021-12-22 06:21:33 ]	POST	http://123.60.73.48/weixincop-test/public/suite/receive?msg_signature=9d8081236fd1f43494da1602416d1151b4846ec3&nonce=1640935901&timestamp=1640125293
array (
  'msg_signature' => '9d8081236fd1f43494da1602416d1151b4846ec3',
  'timestamp' => '1640125293',
  'nonce' => '1640935901',
)
=======================================================================
[ 2021-12-22 06:21:34 ]	POST	http://123.60.73.48/weixincop-test/public/suite/receive?msg_signature=9d8081236fd1f43494da1602416d1151b4846ec3&nonce=1640935901&timestamp=1640125293
array (
  'msg_signature' => '9d8081236fd1f43494da1602416d1151b4846ec3',
  'timestamp' => '1640125293',
  'nonce' => '1640935901',
)
=======================================================================
[ 2021-12-22 06:21:34 ]	POST	http://123.60.73.48/weixincop-test/public/suite/receive?msg_signature=9d8081236fd1f43494da1602416d1151b4846ec3&nonce=1640935901&timestamp=1640125293
array (
  'msg_signature' => '9d8081236fd1f43494da1602416d1151b4846ec3',
  'timestamp' => '1640125293',
  'nonce' => '1640935901',
)
=======================================================================
[ 2021-12-22 06:33:04 ]	POST	http://123.60.73.48/weixincop-test/public/suite/receive?msg_signature=02b0066326f91588ee7346cff9e6576694134c85&nonce=1640934937&timestamp=1640125984
array (
  'msg_signature' => '02b0066326f91588ee7346cff9e6576694134c85',
  'timestamp' => '1640125984',
  'nonce' => '1640934937',
)
=======================================================================
[ 2021-12-22 06:33:05 ]	POST	http://123.60.73.48/weixincop-test/public/suite/receive?msg_signature=02b0066326f91588ee7346cff9e6576694134c85&nonce=1640934937&timestamp=1640125984
array (
  'msg_signature' => '02b0066326f91588ee7346cff9e6576694134c85',
  'timestamp' => '1640125984',
  'nonce' => '1640934937',
)
=======================================================================
[ 2021-12-22 06:33:05 ]	POST	http://123.60.73.48/weixincop-test/public/suite/receive?msg_signature=02b0066326f91588ee7346cff9e6576694134c85&nonce=1640934937&timestamp=1640125984
array (
  'msg_signature' => '02b0066326f91588ee7346cff9e6576694134c85',
  'timestamp' => '1640125984',
  'nonce' => '1640934937',
)
=======================================================================
[ 2021-12-22 06:44:29 ]	POST	http://123.60.73.48/weixincop-test/public/suite/receive?msg_signature=315f27bff6dbf64a9f2bfbe5402dd5811cdd0490&nonce=1640449151&timestamp=1640126669
array (
  'msg_signature' => '315f27bff6dbf64a9f2bfbe5402dd5811cdd0490',
  'timestamp' => '1640126669',
  'nonce' => '1640449151',
)
=======================================================================
[ 2021-12-22 06:44:29 ]	POST	http://123.60.73.48/weixincop-test/public/suite/receive?msg_signature=315f27bff6dbf64a9f2bfbe5402dd5811cdd0490&nonce=1640449151&timestamp=1640126669
array (
  'msg_signature' => '315f27bff6dbf64a9f2bfbe5402dd5811cdd0490',
  'timestamp' => '1640126669',
  'nonce' => '1640449151',
)
=======================================================================
[ 2021-12-22 06:44:29 ]	POST	http://123.60.73.48/weixincop-test/public/suite/receive?msg_signature=315f27bff6dbf64a9f2bfbe5402dd5811cdd0490&nonce=1640449151&timestamp=1640126669
array (
  'msg_signature' => '315f27bff6dbf64a9f2bfbe5402dd5811cdd0490',
  'timestamp' => '1640126669',
  'nonce' => '1640449151',
)
=======================================================================
[ 2021-12-22 06:55:57 ]	POST	http://123.60.73.48/weixincop-test/public/suite/receive?msg_signature=75bff6524ce2ed539716d365c07fe6a3e1105821&nonce=1640651870&timestamp=1640127357
array (
  'msg_signature' => '75bff6524ce2ed539716d365c07fe6a3e1105821',
  'timestamp' => '1640127357',
  'nonce' => '1640651870',
)
=======================================================================
[ 2021-12-22 06:55:57 ]	POST	http://123.60.73.48/weixincop-test/public/suite/receive?msg_signature=75bff6524ce2ed539716d365c07fe6a3e1105821&nonce=1640651870&timestamp=1640127357
array (
  'msg_signature' => '75bff6524ce2ed539716d365c07fe6a3e1105821',
  'timestamp' => '1640127357',
  'nonce' => '1640651870',
)
=======================================================================
[ 2021-12-22 06:55:57 ]	POST	http://123.60.73.48/weixincop-test/public/suite/receive?msg_signature=75bff6524ce2ed539716d365c07fe6a3e1105821&nonce=1640651870&timestamp=1640127357
array (
  'msg_signature' => '75bff6524ce2ed539716d365c07fe6a3e1105821',
  'timestamp' => '1640127357',
  'nonce' => '1640651870',
)
=======================================================================
[ 2021-12-22 07:07:24 ]	POST	http://123.60.73.48/weixincop-test/public/suite/receive?msg_signature=7bc63d287da0565a98d81d421ae29e0673d3125b&nonce=1640414786&timestamp=1640128044
array (
  'msg_signature' => '7bc63d287da0565a98d81d421ae29e0673d3125b',
  'timestamp' => '1640128044',
  'nonce' => '1640414786',
)
=======================================================================
[ 2021-12-22 07:07:24 ]	POST	http://123.60.73.48/weixincop-test/public/suite/receive?msg_signature=7bc63d287da0565a98d81d421ae29e0673d3125b&nonce=1640414786&timestamp=1640128044
array (
  'msg_signature' => '7bc63d287da0565a98d81d421ae29e0673d3125b',
  'timestamp' => '1640128044',
  'nonce' => '1640414786',
)
=======================================================================
[ 2021-12-22 07:07:24 ]	POST	http://123.60.73.48/weixincop-test/public/suite/receive?msg_signature=7bc63d287da0565a98d81d421ae29e0673d3125b&nonce=1640414786&timestamp=1640128044
array (
  'msg_signature' => '7bc63d287da0565a98d81d421ae29e0673d3125b',
  'timestamp' => '1640128044',
  'nonce' => '1640414786',
)
=======================================================================
[ 2021-12-22 07:18:50 ]	POST	http://123.60.73.48/weixincop-test/public/suite/receive?msg_signature=9e9c4d01d11b92a6cbb9f0f455141492892e5a03&nonce=1640011301&timestamp=1640128730
array (
  'msg_signature' => '9e9c4d01d11b92a6cbb9f0f455141492892e5a03',
  'timestamp' => '1640128730',
  'nonce' => '1640011301',
)
=======================================================================
[ 2021-12-22 07:18:50 ]	POST	http://123.60.73.48/weixincop-test/public/suite/receive?msg_signature=9e9c4d01d11b92a6cbb9f0f455141492892e5a03&nonce=1640011301&timestamp=1640128730
array (
  'msg_signature' => '9e9c4d01d11b92a6cbb9f0f455141492892e5a03',
  'timestamp' => '1640128730',
  'nonce' => '1640011301',
)
=======================================================================
[ 2021-12-22 07:18:50 ]	POST	http://123.60.73.48/weixincop-test/public/suite/receive?msg_signature=9e9c4d01d11b92a6cbb9f0f455141492892e5a03&nonce=1640011301&timestamp=1640128730
array (
  'msg_signature' => '9e9c4d01d11b92a6cbb9f0f455141492892e5a03',
  'timestamp' => '1640128730',
  'nonce' => '1640011301',
)
=======================================================================
[ 2021-12-22 07:30:20 ]	POST	http://123.60.73.48/weixincop-test/public/suite/receive?msg_signature=fda491f4ed41af8d67d1753c1e4e381101f832bc&nonce=1640932992&timestamp=1640129420
array (
  'msg_signature' => 'fda491f4ed41af8d67d1753c1e4e381101f832bc',
  'timestamp' => '1640129420',
  'nonce' => '1640932992',
)
=======================================================================
[ 2021-12-22 07:30:21 ]	POST	http://123.60.73.48/weixincop-test/public/suite/receive?msg_signature=fda491f4ed41af8d67d1753c1e4e381101f832bc&nonce=1640932992&timestamp=1640129420
array (
  'msg_signature' => 'fda491f4ed41af8d67d1753c1e4e381101f832bc',
  'timestamp' => '1640129420',
  'nonce' => '1640932992',
)
=======================================================================
[ 2021-12-22 07:30:21 ]	POST	http://123.60.73.48/weixincop-test/public/suite/receive?msg_signature=fda491f4ed41af8d67d1753c1e4e381101f832bc&nonce=1640932992&timestamp=1640129420
array (
  'msg_signature' => 'fda491f4ed41af8d67d1753c1e4e381101f832bc',
  'timestamp' => '1640129420',
  'nonce' => '1640932992',
)
=======================================================================
[ 2021-12-22 07:41:49 ]	POST	http://123.60.73.48/weixincop-test/public/suite/receive?msg_signature=8c5e1130cb33530b3d62dcb2da165183ab327906&nonce=1640800291&timestamp=1640130108
array (
  'msg_signature' => '8c5e1130cb33530b3d62dcb2da165183ab327906',
  'timestamp' => '1640130108',
  'nonce' => '1640800291',
)
=======================================================================
[ 2021-12-22 07:41:49 ]	POST	http://123.60.73.48/weixincop-test/public/suite/receive?msg_signature=8c5e1130cb33530b3d62dcb2da165183ab327906&nonce=1640800291&timestamp=1640130108
array (
  'msg_signature' => '8c5e1130cb33530b3d62dcb2da165183ab327906',
  'timestamp' => '1640130108',
  'nonce' => '1640800291',
)
=======================================================================
[ 2021-12-22 07:41:49 ]	POST	http://123.60.73.48/weixincop-test/public/suite/receive?msg_signature=8c5e1130cb33530b3d62dcb2da165183ab327906&nonce=1640800291&timestamp=1640130108
array (
  'msg_signature' => '8c5e1130cb33530b3d62dcb2da165183ab327906',
  'timestamp' => '1640130108',
  'nonce' => '1640800291',
)
=======================================================================
[ 2021-12-22 07:53:15 ]	POST	http://123.60.73.48/weixincop-test/public/suite/receive?msg_signature=11bff8cf69e1a444b1c3de984100e789d87f7098&nonce=1640848937&timestamp=1640130794
array (
  'msg_signature' => '11bff8cf69e1a444b1c3de984100e789d87f7098',
  'timestamp' => '1640130794',
  'nonce' => '1640848937',
)
=======================================================================
[ 2021-12-22 07:53:15 ]	POST	http://123.60.73.48/weixincop-test/public/suite/receive?msg_signature=11bff8cf69e1a444b1c3de984100e789d87f7098&nonce=1640848937&timestamp=1640130794
array (
  'msg_signature' => '11bff8cf69e1a444b1c3de984100e789d87f7098',
  'timestamp' => '1640130794',
  'nonce' => '1640848937',
)
=======================================================================
[ 2021-12-22 07:53:15 ]	POST	http://123.60.73.48/weixincop-test/public/suite/receive?msg_signature=11bff8cf69e1a444b1c3de984100e789d87f7098&nonce=1640848937&timestamp=1640130794
array (
  'msg_signature' => '11bff8cf69e1a444b1c3de984100e789d87f7098',
  'timestamp' => '1640130794',
  'nonce' => '1640848937',
)
=======================================================================
[ 2021-12-22 08:04:49 ]	POST	http://123.60.73.48/weixincop-test/public/suite/receive?msg_signature=c0b4fa8ace9a12d14f4fe34b291f5115f03a8fea&nonce=1640738967&timestamp=1640131489
array (
  'msg_signature' => 'c0b4fa8ace9a12d14f4fe34b291f5115f03a8fea',
  'timestamp' => '1640131489',
  'nonce' => '1640738967',
)
=======================================================================
[ 2021-12-22 08:04:49 ]	POST	http://123.60.73.48/weixincop-test/public/suite/receive?msg_signature=c0b4fa8ace9a12d14f4fe34b291f5115f03a8fea&nonce=1640738967&timestamp=1640131489
array (
  'msg_signature' => 'c0b4fa8ace9a12d14f4fe34b291f5115f03a8fea',
  'timestamp' => '1640131489',
  'nonce' => '1640738967',
)
=======================================================================
[ 2021-12-22 08:04:49 ]	POST	http://123.60.73.48/weixincop-test/public/suite/receive?msg_signature=c0b4fa8ace9a12d14f4fe34b291f5115f03a8fea&nonce=1640738967&timestamp=1640131489
array (
  'msg_signature' => 'c0b4fa8ace9a12d14f4fe34b291f5115f03a8fea',
  'timestamp' => '1640131489',
  'nonce' => '1640738967',
)
=======================================================================
[ 2021-12-22 08:16:13 ]	POST	http://123.60.73.48/weixincop-test/public/suite/receive?msg_signature=6de110077b2f383c3cf69ead441b0bbd97e39db5&nonce=1640955986&timestamp=1640132173
array (
  'msg_signature' => '6de110077b2f383c3cf69ead441b0bbd97e39db5',
  'timestamp' => '1640132173',
  'nonce' => '1640955986',
)
=======================================================================
[ 2021-12-22 08:16:14 ]	POST	http://123.60.73.48/weixincop-test/public/suite/receive?msg_signature=6de110077b2f383c3cf69ead441b0bbd97e39db5&nonce=1640955986&timestamp=1640132173
array (
  'msg_signature' => '6de110077b2f383c3cf69ead441b0bbd97e39db5',
  'timestamp' => '1640132173',
  'nonce' => '1640955986',
)
=======================================================================
[ 2021-12-22 08:16:14 ]	POST	http://123.60.73.48/weixincop-test/public/suite/receive?msg_signature=6de110077b2f383c3cf69ead441b0bbd97e39db5&nonce=1640955986&timestamp=1640132173
array (
  'msg_signature' => '6de110077b2f383c3cf69ead441b0bbd97e39db5',
  'timestamp' => '1640132173',
  'nonce' => '1640955986',
)
=======================================================================
[ 2021-12-22 08:27:38 ]	POST	http://123.60.73.48/weixincop-test/public/suite/receive?msg_signature=1393b29aaabc1c62b9a3b15fdf1702ea1c410be9&nonce=1640728575&timestamp=1640132858
array (
  'msg_signature' => '1393b29aaabc1c62b9a3b15fdf1702ea1c410be9',
  'timestamp' => '1640132858',
  'nonce' => '1640728575',
)
=======================================================================
[ 2021-12-22 08:27:38 ]	POST	http://123.60.73.48/weixincop-test/public/suite/receive?msg_signature=1393b29aaabc1c62b9a3b15fdf1702ea1c410be9&nonce=1640728575&timestamp=1640132858
array (
  'msg_signature' => '1393b29aaabc1c62b9a3b15fdf1702ea1c410be9',
  'timestamp' => '1640132858',
  'nonce' => '1640728575',
)
=======================================================================
[ 2021-12-22 08:27:39 ]	POST	http://123.60.73.48/weixincop-test/public/suite/receive?msg_signature=1393b29aaabc1c62b9a3b15fdf1702ea1c410be9&nonce=1640728575&timestamp=1640132858
array (
  'msg_signature' => '1393b29aaabc1c62b9a3b15fdf1702ea1c410be9',
  'timestamp' => '1640132858',
  'nonce' => '1640728575',
)
=======================================================================
[ 2021-12-22 08:39:11 ]	POST	http://123.60.73.48/weixincop-test/public/suite/receive?msg_signature=22a9e08f85402651087c36bee947e8b5d010fd05&nonce=1640163978&timestamp=1640133551
array (
  'msg_signature' => '22a9e08f85402651087c36bee947e8b5d010fd05',
  'timestamp' => '1640133551',
  'nonce' => '1640163978',
)
=======================================================================
[ 2021-12-22 08:39:11 ]	POST	http://123.60.73.48/weixincop-test/public/suite/receive?msg_signature=22a9e08f85402651087c36bee947e8b5d010fd05&nonce=1640163978&timestamp=1640133551
array (
  'msg_signature' => '22a9e08f85402651087c36bee947e8b5d010fd05',
  'timestamp' => '1640133551',
  'nonce' => '1640163978',
)
=======================================================================
[ 2021-12-22 08:39:11 ]	POST	http://123.60.73.48/weixincop-test/public/suite/receive?msg_signature=22a9e08f85402651087c36bee947e8b5d010fd05&nonce=1640163978&timestamp=1640133551
array (
  'msg_signature' => '22a9e08f85402651087c36bee947e8b5d010fd05',
  'timestamp' => '1640133551',
  'nonce' => '1640163978',
)
=======================================================================
[ 2021-12-22 08:50:41 ]	POST	http://123.60.73.48/weixincop-test/public/suite/receive?msg_signature=b532349a28245c4663ee09945019d363143aee29&nonce=1640034429&timestamp=1640134241
array (
  'msg_signature' => 'b532349a28245c4663ee09945019d363143aee29',
  'timestamp' => '1640134241',
  'nonce' => '1640034429',
)
=======================================================================
[ 2021-12-22 08:50:41 ]	POST	http://123.60.73.48/weixincop-test/public/suite/receive?msg_signature=b532349a28245c4663ee09945019d363143aee29&nonce=1640034429&timestamp=1640134241
array (
  'msg_signature' => 'b532349a28245c4663ee09945019d363143aee29',
  'timestamp' => '1640134241',
  'nonce' => '1640034429',
)
=======================================================================
[ 2021-12-22 08:50:41 ]	POST	http://123.60.73.48/weixincop-test/public/suite/receive?msg_signature=b532349a28245c4663ee09945019d363143aee29&nonce=1640034429&timestamp=1640134241
array (
  'msg_signature' => 'b532349a28245c4663ee09945019d363143aee29',
  'timestamp' => '1640134241',
  'nonce' => '1640034429',
)
=======================================================================
[ 2021-12-22 09:02:07 ]	POST	http://123.60.73.48/weixincop-test/public/suite/receive?msg_signature=39832ad62cbe52f0ec260bf802d879281841063b&nonce=1640409213&timestamp=1640134927
array (
  'msg_signature' => '39832ad62cbe52f0ec260bf802d879281841063b',
  'timestamp' => '1640134927',
  'nonce' => '1640409213',
)
=======================================================================
[ 2021-12-22 09:02:07 ]	POST	http://123.60.73.48/weixincop-test/public/suite/receive?msg_signature=39832ad62cbe52f0ec260bf802d879281841063b&nonce=1640409213&timestamp=1640134927
array (
  'msg_signature' => '39832ad62cbe52f0ec260bf802d879281841063b',
  'timestamp' => '1640134927',
  'nonce' => '1640409213',
)
=======================================================================
[ 2021-12-22 09:02:07 ]	POST	http://123.60.73.48/weixincop-test/public/suite/receive?msg_signature=39832ad62cbe52f0ec260bf802d879281841063b&nonce=1640409213&timestamp=1640134927
array (
  'msg_signature' => '39832ad62cbe52f0ec260bf802d879281841063b',
  'timestamp' => '1640134927',
  'nonce' => '1640409213',
)
=======================================================================
[ 2021-12-22 09:13:33 ]	POST	http://123.60.73.48/weixincop-test/public/suite/receive?msg_signature=6441e6f120bf73aec920ab12b8af2478be65bb86&nonce=1640976844&timestamp=1640135613
array (
  'msg_signature' => '6441e6f120bf73aec920ab12b8af2478be65bb86',
  'timestamp' => '1640135613',
  'nonce' => '1640976844',
)
=======================================================================
[ 2021-12-22 09:13:34 ]	POST	http://123.60.73.48/weixincop-test/public/suite/receive?msg_signature=6441e6f120bf73aec920ab12b8af2478be65bb86&nonce=1640976844&timestamp=1640135613
array (
  'msg_signature' => '6441e6f120bf73aec920ab12b8af2478be65bb86',
  'timestamp' => '1640135613',
  'nonce' => '1640976844',
)
=======================================================================
[ 2021-12-22 09:13:34 ]	POST	http://123.60.73.48/weixincop-test/public/suite/receive?msg_signature=6441e6f120bf73aec920ab12b8af2478be65bb86&nonce=1640976844&timestamp=1640135613
array (
  'msg_signature' => '6441e6f120bf73aec920ab12b8af2478be65bb86',
  'timestamp' => '1640135613',
  'nonce' => '1640976844',
)
=======================================================================
[ 2021-12-22 09:25:10 ]	POST	http://123.60.73.48/weixincop-test/public/suite/receive?msg_signature=1b7fcda94d5ab4b4a3e7d2f3f026abce5c6f0f58&nonce=1640975784&timestamp=1640136310
array (
  'msg_signature' => '1b7fcda94d5ab4b4a3e7d2f3f026abce5c6f0f58',
  'timestamp' => '1640136310',
  'nonce' => '1640975784',
)
=======================================================================
[ 2021-12-22 09:25:11 ]	POST	http://123.60.73.48/weixincop-test/public/suite/receive?msg_signature=1b7fcda94d5ab4b4a3e7d2f3f026abce5c6f0f58&nonce=1640975784&timestamp=1640136310
array (
  'msg_signature' => '1b7fcda94d5ab4b4a3e7d2f3f026abce5c6f0f58',
  'timestamp' => '1640136310',
  'nonce' => '1640975784',
)
=======================================================================
[ 2021-12-22 09:25:11 ]	POST	http://123.60.73.48/weixincop-test/public/suite/receive?msg_signature=1b7fcda94d5ab4b4a3e7d2f3f026abce5c6f0f58&nonce=1640975784&timestamp=1640136310
array (
  'msg_signature' => '1b7fcda94d5ab4b4a3e7d2f3f026abce5c6f0f58',
  'timestamp' => '1640136310',
  'nonce' => '1640975784',
)
=======================================================================
[ 2021-12-22 09:36:36 ]	POST	http://123.60.73.48/weixincop-test/public/suite/receive?msg_signature=0f3999a96bbd3f586546c24e94c973f61c2bd30a&nonce=1640703607&timestamp=1640136996
array (
  'msg_signature' => '0f3999a96bbd3f586546c24e94c973f61c2bd30a',
  'timestamp' => '1640136996',
  'nonce' => '1640703607',
)
=======================================================================
[ 2021-12-22 09:36:36 ]	POST	http://123.60.73.48/weixincop-test/public/suite/receive?msg_signature=0f3999a96bbd3f586546c24e94c973f61c2bd30a&nonce=1640703607&timestamp=1640136996
array (
  'msg_signature' => '0f3999a96bbd3f586546c24e94c973f61c2bd30a',
  'timestamp' => '1640136996',
  'nonce' => '1640703607',
)
=======================================================================
[ 2021-12-22 09:36:36 ]	POST	http://123.60.73.48/weixincop-test/public/suite/receive?msg_signature=0f3999a96bbd3f586546c24e94c973f61c2bd30a&nonce=1640703607&timestamp=1640136996
array (
  'msg_signature' => '0f3999a96bbd3f586546c24e94c973f61c2bd30a',
  'timestamp' => '1640136996',
  'nonce' => '1640703607',
)
=======================================================================
[ 2021-12-22 09:48:04 ]	POST	http://123.60.73.48/weixincop-test/public/suite/receive?msg_signature=3a0b97ef4e72d07606b357f55330d7bee3ac56d4&nonce=1640246710&timestamp=1640137684
array (
  'msg_signature' => '3a0b97ef4e72d07606b357f55330d7bee3ac56d4',
  'timestamp' => '1640137684',
  'nonce' => '1640246710',
)
=======================================================================
[ 2021-12-22 09:48:04 ]	POST	http://123.60.73.48/weixincop-test/public/suite/receive?msg_signature=3a0b97ef4e72d07606b357f55330d7bee3ac56d4&nonce=1640246710&timestamp=1640137684
array (
  'msg_signature' => '3a0b97ef4e72d07606b357f55330d7bee3ac56d4',
  'timestamp' => '1640137684',
  'nonce' => '1640246710',
)
=======================================================================
[ 2021-12-22 09:48:04 ]	POST	http://123.60.73.48/weixincop-test/public/suite/receive?msg_signature=3a0b97ef4e72d07606b357f55330d7bee3ac56d4&nonce=1640246710&timestamp=1640137684
array (
  'msg_signature' => '3a0b97ef4e72d07606b357f55330d7bee3ac56d4',
  'timestamp' => '1640137684',
  'nonce' => '1640246710',
)
=======================================================================
[ 2021-12-22 09:59:40 ]	POST	http://123.60.73.48/weixincop-test/public/suite/receive?msg_signature=7954a0bf17e40584ae8d25919fa1614cbb1e849d&nonce=1640172834&timestamp=1640138380
array (
  'msg_signature' => '7954a0bf17e40584ae8d25919fa1614cbb1e849d',
  'timestamp' => '1640138380',
  'nonce' => '1640172834',
)
=======================================================================
[ 2021-12-22 09:59:40 ]	POST	http://123.60.73.48/weixincop-test/public/suite/receive?msg_signature=7954a0bf17e40584ae8d25919fa1614cbb1e849d&nonce=1640172834&timestamp=1640138380
array (
  'msg_signature' => '7954a0bf17e40584ae8d25919fa1614cbb1e849d',
  'timestamp' => '1640138380',
  'nonce' => '1640172834',
)
=======================================================================
[ 2021-12-22 09:59:40 ]	POST	http://123.60.73.48/weixincop-test/public/suite/receive?msg_signature=7954a0bf17e40584ae8d25919fa1614cbb1e849d&nonce=1640172834&timestamp=1640138380
array (
  'msg_signature' => '7954a0bf17e40584ae8d25919fa1614cbb1e849d',
  'timestamp' => '1640138380',
  'nonce' => '1640172834',
)
=======================================================================
[ 2021-12-22 10:11:07 ]	POST	http://123.60.73.48/weixincop-test/public/suite/receive?msg_signature=68db5505ef19507c64c0b5f3562db927d53df1c1&nonce=1639983027&timestamp=1640139067
array (
  'msg_signature' => '68db5505ef19507c64c0b5f3562db927d53df1c1',
  'timestamp' => '1640139067',
  'nonce' => '1639983027',
)
=======================================================================
[ 2021-12-22 10:11:07 ]	POST	http://123.60.73.48/weixincop-test/public/suite/receive?msg_signature=68db5505ef19507c64c0b5f3562db927d53df1c1&nonce=1639983027&timestamp=1640139067
array (
  'msg_signature' => '68db5505ef19507c64c0b5f3562db927d53df1c1',
  'timestamp' => '1640139067',
  'nonce' => '1639983027',
)
=======================================================================
[ 2021-12-22 10:11:07 ]	POST	http://123.60.73.48/weixincop-test/public/suite/receive?msg_signature=68db5505ef19507c64c0b5f3562db927d53df1c1&nonce=1639983027&timestamp=1640139067
array (
  'msg_signature' => '68db5505ef19507c64c0b5f3562db927d53df1c1',
  'timestamp' => '1640139067',
  'nonce' => '1639983027',
)
=======================================================================
[ 2021-12-22 10:22:13 ]	POST	http://123.60.73.48/weixincop-test/public/test?msg_signature=1409659813&nonce=1372623149&timestamp=1409659813
array (
  'msg_signature' => '1409659813',
  'timestamp' => '1409659813',
  'nonce' => '1372623149',
)
=======================================================================
[ 2021-12-22 10:22:24 ]	GET	http://123.60.73.48/weixincop-test/public/test?msg_signature=1409659813&nonce=1372623149&timestamp=1409659813
array (
  'msg_signature' => '1409659813',
  'timestamp' => '1409659813',
  'nonce' => '1372623149',
)
=======================================================================
[ 2021-12-22 10:22:29 ]	POST	http://123.60.73.48/weixincop-test/public/test?msg_signature=1409659813&nonce=1372623149&timestamp=1409659813
array (
  'msg_signature' => '1409659813',
  'timestamp' => '1409659813',
  'nonce' => '1372623149',
)
=======================================================================
[ 2021-12-22 10:22:40 ]	POST	http://123.60.73.48/weixincop-test/public/suite/receive?msg_signature=db72cadfeb9b617ebb7b595a8b32ffb87a1fcf06&nonce=1640136039&timestamp=1640139760
array (
  'msg_signature' => 'db72cadfeb9b617ebb7b595a8b32ffb87a1fcf06',
  'timestamp' => '1640139760',
  'nonce' => '1640136039',
)
=======================================================================
[ 2021-12-22 10:22:40 ]	POST	http://123.60.73.48/weixincop-test/public/suite/receive?msg_signature=db72cadfeb9b617ebb7b595a8b32ffb87a1fcf06&nonce=1640136039&timestamp=1640139760
array (
  'msg_signature' => 'db72cadfeb9b617ebb7b595a8b32ffb87a1fcf06',
  'timestamp' => '1640139760',
  'nonce' => '1640136039',
)
=======================================================================
[ 2021-12-22 10:22:40 ]	POST	http://123.60.73.48/weixincop-test/public/suite/receive?msg_signature=db72cadfeb9b617ebb7b595a8b32ffb87a1fcf06&nonce=1640136039&timestamp=1640139760
array (
  'msg_signature' => 'db72cadfeb9b617ebb7b595a8b32ffb87a1fcf06',
  'timestamp' => '1640139760',
  'nonce' => '1640136039',
)
=======================================================================
[ 2021-12-22 10:23:33 ]	POST	http://123.60.73.48/weixincop-test/public/test?msg_signature=1409659813&nonce=1372623149&timestamp=1409659813
array (
  'msg_signature' => '1409659813',
  'timestamp' => '1409659813',
  'nonce' => '1372623149',
)
=======================================================================
[ 2021-12-22 10:26:54 ]	POST	http://123.60.73.48/weixincop-test/public/test?msg_signature=1409659813&nonce=1372623149&timestamp=1409659813
array (
  'msg_signature' => '1409659813',
  'timestamp' => '1409659813',
  'nonce' => '1372623149',
)
=======================================================================
[ 2021-12-22 10:27:33 ]	POST	http://123.60.73.48/weixincop-test/public/test?msg_signature=1409659813&nonce=1372623149&timestamp=1409659813
array (
  'msg_signature' => '1409659813',
  'timestamp' => '1409659813',
  'nonce' => '1372623149',
)
=======================================================================
[ 2021-12-22 10:27:34 ]	POST	http://123.60.73.48/weixincop-test/public/test?msg_signature=1409659813&nonce=1372623149&timestamp=1409659813
array (
  'msg_signature' => '1409659813',
  'timestamp' => '1409659813',
  'nonce' => '1372623149',
)
=======================================================================
[ 2021-12-22 10:27:58 ]	POST	http://123.60.73.48/weixincop-test/public/test?msg_signature=1409659813&nonce=1372623149&timestamp=1409659813
array (
  'msg_signature' => '1409659813',
  'timestamp' => '1409659813',
  'nonce' => '1372623149',
)
=======================================================================
[ 2021-12-22 10:27:59 ]	POST	http://123.60.73.48/weixincop-test/public/test?msg_signature=1409659813&nonce=1372623149&timestamp=1409659813
array (
  'msg_signature' => '1409659813',
  'timestamp' => '1409659813',
  'nonce' => '1372623149',
)
=======================================================================
[ 2021-12-22 10:30:52 ]	GET	http://123.60.73.48/weixincop-test/public/suite/receive
array (
)
=======================================================================
[ 2021-12-22 10:31:53 ]	GET	http://123.60.73.48/weixincop-test/public/suite/receive
array (
)
=======================================================================
[ 2021-12-22 10:31:54 ]	GET	http://123.60.73.48/weixincop-test/public/suite/receive
array (
)
=======================================================================
[ 2021-12-22 10:32:20 ]	GET	http://123.60.73.48/weixincop-test/public/suite/receive
array (
)
=======================================================================
[ 2021-12-22 10:32:36 ]	GET	http://123.60.73.48/weixincop-test/public/suite/receive
array (
)
=======================================================================
[ 2021-12-22 10:32:48 ]	GET	http://123.60.73.48/weixincop-test/public/suite/receive
array (
)
=======================================================================
[ 2021-12-22 10:34:02 ]	GET	http://123.60.73.48/weixincop-test/public/suite/receive
array (
)
=======================================================================
[ 2021-12-22 10:34:04 ]	GET	http://123.60.73.48/weixincop-test/public/suite/receive
array (
)
=======================================================================
[ 2021-12-22 10:34:05 ]	POST	http://123.60.73.48/weixincop-test/public/suite/receive?msg_signature=9dffdc2a288eca6287236dcff9baf5dca7776e30&nonce=1640566314&timestamp=1640140445
array (
  'msg_signature' => '9dffdc2a288eca6287236dcff9baf5dca7776e30',
  'timestamp' => '1640140445',
  'nonce' => '1640566314',
)
=======================================================================
[ 2021-12-22 10:34:05 ]	POST	http://123.60.73.48/weixincop-test/public/suite/receive?msg_signature=9dffdc2a288eca6287236dcff9baf5dca7776e30&nonce=1640566314&timestamp=1640140445
array (
  'msg_signature' => '9dffdc2a288eca6287236dcff9baf5dca7776e30',
  'timestamp' => '1640140445',
  'nonce' => '1640566314',
)
=======================================================================
[ 2021-12-22 10:34:06 ]	POST	http://123.60.73.48/weixincop-test/public/suite/receive?msg_signature=9dffdc2a288eca6287236dcff9baf5dca7776e30&nonce=1640566314&timestamp=1640140445
array (
  'msg_signature' => '9dffdc2a288eca6287236dcff9baf5dca7776e30',
  'timestamp' => '1640140445',
  'nonce' => '1640566314',
)
=======================================================================
[ 2021-12-22 10:36:39 ]	GET	http://123.60.73.48/weixincop-test/public/suite/receive
array (
)
=======================================================================
[ 2021-12-22 10:37:28 ]	GET	http://123.60.73.48/weixincop-test/public/suite/receive
array (
)
=======================================================================
